2024-11-12 16:27:53,419 INFO o.a.j.u.JMeterUtils: Setting Locale to en_IN
2024-11-12 16:27:53,482 INFO o.a.j.JMeter: Loading user properties from: user.properties
2024-11-12 16:27:53,498 INFO o.a.j.JMeter: Loading system properties from: system.properties
2024-11-12 16:27:53,517 INFO o.a.j.JMeter: Copyright (c) 1998-2024 The Apache Software Foundation
2024-11-12 16:27:53,517 INFO o.a.j.JMeter: Version 5.6.3
2024-11-12 16:27:53,517 INFO o.a.j.JMeter: java.version=17.0.11
2024-11-12 16:27:53,517 INFO o.a.j.JMeter: java.vm.name=Java HotSpot(TM) 64-Bit Server VM
2024-11-12 16:27:53,517 INFO o.a.j.JMeter: os.name=Windows 11
2024-11-12 16:27:53,517 INFO o.a.j.JMeter: os.arch=amd64
2024-11-12 16:27:53,517 INFO o.a.j.JMeter: os.version=10.0
2024-11-12 16:27:53,517 INFO o.a.j.JMeter: file.encoding=Cp1252
2024-11-12 16:27:53,517 INFO o.a.j.JMeter: java.awt.headless=null
2024-11-12 16:27:53,517 INFO o.a.j.JMeter: Max memory     =4206886912
2024-11-12 16:27:53,517 INFO o.a.j.JMeter: Available Processors =12
2024-11-12 16:27:53,530 INFO o.a.j.JMeter: Default Locale=English (India)
2024-11-12 16:27:53,530 INFO o.a.j.JMeter: JMeter  Locale=English (India)
2024-11-12 16:27:53,530 INFO o.a.j.JMeter: JMeterHome=C:\Users\srikar.kotha\Downloads\apache-jmeter-5.6.3\apache-jmeter-5.6.3
2024-11-12 16:27:53,530 INFO o.a.j.JMeter: user.dir  =C:\Users\srikar.kotha\Downloads\apache-jmeter-5.6.3\apache-jmeter-5.6.3\bin
2024-11-12 16:27:53,530 INFO o.a.j.JMeter: PWD       =C:\Users\srikar.kotha\Downloads\apache-jmeter-5.6.3\apache-jmeter-5.6.3\bin
2024-11-12 16:27:53,545 INFO o.a.j.JMeter: IP: 192.168.5.70 Name: ASCINLAP60736 FullName: 192.168.5.70
2024-11-12 16:27:53,577 INFO o.a.j.JMeter: Loaded icon properties from org/apache/jmeter/images/icon.properties
2024-11-12 16:27:53,992 INFO o.a.j.JMeterGuiLauncher: Setting LAF to: com.github.weisj.darklaf.DarkLaf:com.github.weisj.darklaf.theme.DarculaTheme
2024-11-12 16:27:55,749 INFO o.a.j.r.ClassFinder: Will scan jar C:\Users\srikar.kotha\Downloads\apache-jmeter-5.6.3\apache-jmeter-5.6.3\lib\ext\jmeter-plugins-webdriver-4.13.0.2.jar with filter ExtendsClassFilter [parents=[interface org.apache.jmeter.gui.action.Command], inner=false, contains=null, notContains=null]. Consider exposing JMeter plugins via META-INF/services, and add JMeter-Skip-Class-Scanning=true manifest attribute so JMeter can skip classfile scanning
2024-11-12 16:27:55,780 INFO o.a.j.r.ClassFinder: Will scan jar C:\Users\srikar.kotha\Downloads\apache-jmeter-5.6.3\apache-jmeter-5.6.3\lib\ext\jmeter-plugins-manager-1.10.jar with filter ExtendsClassFilter [parents=[interface org.apache.jmeter.gui.action.Command], inner=false, contains=null, notContains=null]. Consider exposing JMeter plugins via META-INF/services, and add JMeter-Skip-Class-Scanning=true manifest attribute so JMeter can skip classfile scanning
2024-11-12 16:27:55,985 INFO o.a.j.r.ClassFinder: Will scan jar C:\Users\srikar.kotha\Downloads\apache-jmeter-5.6.3\apache-jmeter-5.6.3\lib\ext\jmeter-plugins-webdriver-4.13.0.2.jar with filter ExtendsClassFilter [parents=[interface org.apache.jmeter.gui.plugin.MenuCreator], inner=false, contains=null, notContains=null]. Consider exposing JMeter plugins via META-INF/services, and add JMeter-Skip-Class-Scanning=true manifest attribute so JMeter can skip classfile scanning
2024-11-12 16:27:56,000 INFO o.a.j.r.ClassFinder: Will scan jar C:\Users\srikar.kotha\Downloads\apache-jmeter-5.6.3\apache-jmeter-5.6.3\lib\ext\jmeter-plugins-manager-1.10.jar with filter ExtendsClassFilter [parents=[interface org.apache.jmeter.gui.plugin.MenuCreator], inner=false, contains=null, notContains=null]. Consider exposing JMeter plugins via META-INF/services, and add JMeter-Skip-Class-Scanning=true manifest attribute so JMeter can skip classfile scanning
2024-11-12 16:27:56,645 INFO o.j.r.JARSourceHTTP: Found cached repo
2024-11-12 16:27:56,866 INFO o.j.r.PluginManager: Plugins Status: [jpgc-plugins-manager=1.10, jpgc-webdriver=4.13.0.2, jmeter-core=5.6.3, jmeter-ftp=5.6.3, jmeter-http=5.6.3, jmeter-jdbc=5.6.3, jmeter-jms=5.6.3, jmeter-junit=5.6.3, jmeter-java=5.6.3, jmeter-ldap=5.6.3, jmeter-mail=5.6.3, jmeter-mongodb=5.6.3, jmeter-native=5.6.3, jmeter-tcp=5.6.3, jmeter-components=5.6.3]
2024-11-12 16:28:00,790 WARN o.j.r.h.StatsReporter: Failed to send repo stats
java.net.SocketTimeoutException: Read timed out
	at java.base/sun.nio.ch.NioSocketImpl.timedRead(NioSocketImpl.java:288) ~[?:?]
	at java.base/sun.nio.ch.NioSocketImpl.implRead(NioSocketImpl.java:314) ~[?:?]
	at java.base/sun.nio.ch.NioSocketImpl.read(NioSocketImpl.java:355) ~[?:?]
	at java.base/sun.nio.ch.NioSocketImpl$1.read(NioSocketImpl.java:808) ~[?:?]
	at java.base/java.net.Socket$SocketInputStream.read(Socket.java:966) ~[?:?]
	at java.base/sun.security.ssl.SSLSocketInputRecord.read(SSLSocketInputRecord.java:484) ~[?:?]
	at java.base/sun.security.ssl.SSLSocketInputRecord.readHeader(SSLSocketInputRecord.java:478) ~[?:?]
	at java.base/sun.security.ssl.SSLSocketInputRecord.decode(SSLSocketInputRecord.java:160) ~[?:?]
	at java.base/sun.security.ssl.SSLTransport.decode(SSLTransport.java:111) ~[?:?]
	at java.base/sun.security.ssl.SSLSocketImpl.decode(SSLSocketImpl.java:1506) ~[?:?]
	at java.base/sun.security.ssl.SSLSocketImpl.readHandshakeRecord(SSLSocketImpl.java:1421) ~[?:?]
	at java.base/sun.security.ssl.SSLSocketImpl.startHandshake(SSLSocketImpl.java:455) ~[?:?]
	at java.base/sun.security.ssl.SSLSocketImpl.startHandshake(SSLSocketImpl.java:426) ~[?:?]
	at org.apache.http.conn.ssl.SSLSocketFactory.createLayeredSocket(SSLSocketFactory.java:570) ~[httpclient-4.5.14.jar:4.5.14]
	at org.apache.http.conn.ssl.SSLSocketFactory.connectSocket(SSLSocketFactory.java:554) ~[httpclient-4.5.14.jar:4.5.14]
	at org.apache.http.conn.ssl.SSLSocketFactory.connectSocket(SSLSocketFactory.java:415) ~[httpclient-4.5.14.jar:4.5.14]
	at org.apache.http.impl.conn.DefaultClientConnectionOperator.openConnection(DefaultClientConnectionOperator.java:180) ~[httpclient-4.5.14.jar:4.5.14]
	at org.apache.http.impl.conn.ManagedClientConnectionImpl.open(ManagedClientConnectionImpl.java:326) ~[httpclient-4.5.14.jar:4.5.14]
	at org.apache.http.impl.client.DefaultRequestDirector.tryConnect(DefaultRequestDirector.java:605) ~[httpclient-4.5.14.jar:4.5.14]
	at org.apache.http.impl.client.DefaultRequestDirector.execute(DefaultRequestDirector.java:440) ~[httpclient-4.5.14.jar:4.5.14]
	at org.apache.http.impl.client.AbstractHttpClient.doExecute(AbstractHttpClient.java:835) ~[httpclient-4.5.14.jar:4.5.14]
	at org.apache.http.impl.client.CloseableHttpClient.execute(CloseableHttpClient.java:83) ~[httpclient-4.5.14.jar:4.5.14]
	at org.apache.http.impl.client.CloseableHttpClient.execute(CloseableHttpClient.java:56) ~[httpclient-4.5.14.jar:4.5.14]
	at org.jmeterplugins.repository.JARSourceHTTP.execute(JARSourceHTTP.java:499) ~[jmeter-plugins-manager-1.10.jar:?]
	at org.jmeterplugins.repository.JARSourceHTTP.execute(JARSourceHTTP.java:494) ~[jmeter-plugins-manager-1.10.jar:?]
	at org.jmeterplugins.repository.JARSourceHTTP.reportStats(JARSourceHTTP.java:451) ~[jmeter-plugins-manager-1.10.jar:?]
	at org.jmeterplugins.repository.http.StatsReporter.run(StatsReporter.java:24) [jmeter-plugins-manager-1.10.jar:?]
2024-11-12 16:34:44,904 INFO o.a.j.s.SampleResult: Note: Sample TimeStamps are START times
2024-11-12 16:34:44,904 INFO o.a.j.s.SampleResult: sampleresult.default.encoding is set to UTF-8
2024-11-12 16:34:44,904 INFO o.a.j.s.SampleResult: sampleresult.useNanoTime=true
2024-11-12 16:34:44,904 INFO o.a.j.s.SampleResult: sampleresult.nanoThreadSleep=5000
2024-11-12 16:43:43,327 INFO o.a.j.r.ClassFinder: Will scan jar C:\Users\srikar.kotha\Downloads\apache-jmeter-5.6.3\apache-jmeter-5.6.3\lib\ext\jmeter-plugins-webdriver-4.13.0.2.jar with filter ExtendsClassFilter [parents=[interface org.apache.jmeter.visualizers.ResultRenderer], inner=false, contains=null, notContains=null]. Consider exposing JMeter plugins via META-INF/services, and add JMeter-Skip-Class-Scanning=true manifest attribute so JMeter can skip classfile scanning
2024-11-12 16:43:43,342 INFO o.a.j.r.ClassFinder: Will scan jar C:\Users\srikar.kotha\Downloads\apache-jmeter-5.6.3\apache-jmeter-5.6.3\lib\ext\jmeter-plugins-manager-1.10.jar with filter ExtendsClassFilter [parents=[interface org.apache.jmeter.visualizers.ResultRenderer], inner=false, contains=null, notContains=null]. Consider exposing JMeter plugins via META-INF/services, and add JMeter-Skip-Class-Scanning=true manifest attribute so JMeter can skip classfile scanning
2024-11-12 16:43:43,358 INFO o.a.j.r.ClassFinder: Will scan jar C:\Users\srikar.kotha\Downloads\apache-jmeter-5.6.3\apache-jmeter-5.6.3\lib\ext\jmeter-plugins-webdriver-4.13.0.2.jar with filter ExtendsClassFilter [parents=[interface org.apache.jmeter.visualizers.RequestView], inner=false, contains=null, notContains=null]. Consider exposing JMeter plugins via META-INF/services, and add JMeter-Skip-Class-Scanning=true manifest attribute so JMeter can skip classfile scanning
2024-11-12 16:43:43,374 INFO o.a.j.r.ClassFinder: Will scan jar C:\Users\srikar.kotha\Downloads\apache-jmeter-5.6.3\apache-jmeter-5.6.3\lib\ext\jmeter-plugins-manager-1.10.jar with filter ExtendsClassFilter [parents=[interface org.apache.jmeter.visualizers.RequestView], inner=false, contains=null, notContains=null]. Consider exposing JMeter plugins via META-INF/services, and add JMeter-Skip-Class-Scanning=true manifest attribute so JMeter can skip classfile scanning
2024-11-12 16:44:01,253 INFO o.a.j.s.FileServer: Default base='C:\Users\srikar.kotha\Downloads\apache-jmeter-5.6.3\apache-jmeter-5.6.3\bin'
2024-11-12 16:44:01,268 INFO o.a.j.s.FileServer: Set new base='C:\Users\srikar.kotha\Downloads\apache-jmeter-5.6.3\apache-jmeter-5.6.3\bin'
2024-11-12 16:44:01,584 INFO o.a.j.s.SaveService: Testplan (JMX) version: 2.2. Testlog (JTL) version: 2.2
2024-11-12 16:44:01,614 INFO o.a.j.s.SaveService: Using SaveService properties version 5.0
2024-11-12 16:44:01,614 INFO o.a.j.s.SaveService: Using SaveService properties file encoding UTF-8
2024-11-12 16:44:01,661 INFO o.a.j.e.StandardJMeterEngine: Running the test!
2024-11-12 16:44:01,661 INFO o.a.j.s.SampleEvent: List of sample_variables: []
2024-11-12 16:44:01,661 INFO o.a.j.s.SampleEvent: List of sample_variables: []
2024-11-12 16:44:01,661 INFO o.a.j.e.u.CompoundVariable: Note: Function class names must contain the string: '.functions.'
2024-11-12 16:44:01,661 INFO o.a.j.e.u.CompoundVariable: Note: Function class names must not contain the string: '.gui.'
2024-11-12 16:44:01,724 INFO o.a.j.r.ClassFinder: Will scan jar C:\Users\srikar.kotha\Downloads\apache-jmeter-5.6.3\apache-jmeter-5.6.3\lib\ext\jmeter-plugins-webdriver-4.13.0.2.jar with filter ExtendsClassFilter [parents=[interface org.apache.jmeter.functions.Function], inner=false, contains=null, notContains=null]. Consider exposing JMeter plugins via META-INF/services, and add JMeter-Skip-Class-Scanning=true manifest attribute so JMeter can skip classfile scanning
2024-11-12 16:44:01,724 INFO o.a.j.r.ClassFinder: Will scan jar C:\Users\srikar.kotha\Downloads\apache-jmeter-5.6.3\apache-jmeter-5.6.3\lib\ext\jmeter-plugins-manager-1.10.jar with filter ExtendsClassFilter [parents=[interface org.apache.jmeter.functions.Function], inner=false, contains=null, notContains=null]. Consider exposing JMeter plugins via META-INF/services, and add JMeter-Skip-Class-Scanning=true manifest attribute so JMeter can skip classfile scanning
2024-11-12 16:44:01,724 INFO o.a.j.g.u.JMeterMenuBar: setRunning(true, *local*)
2024-11-12 16:44:01,786 INFO o.a.j.e.StandardJMeterEngine: Starting ThreadGroup: 1 : Thread Group
2024-11-12 16:44:01,786 INFO o.a.j.e.StandardJMeterEngine: Starting 1 threads for group Thread Group.
2024-11-12 16:44:01,786 INFO o.a.j.e.StandardJMeterEngine: Thread will continue on error
2024-11-12 16:44:01,786 INFO o.a.j.t.ThreadGroup: Starting thread group... number=1 threads=1 ramp-up=1 delayedStart=false
2024-11-12 16:44:01,786 INFO o.a.j.t.ThreadGroup: Started thread group number 1
2024-11-12 16:44:01,786 INFO o.a.j.e.StandardJMeterEngine: All thread groups have been started
2024-11-12 16:44:01,786 INFO o.a.j.t.JMeterThread: Thread started: Thread Group 1-1
2024-11-12 16:44:01,849 ERROR o.a.j.t.JMeterThread: Error calling threadStarted
org.openqa.selenium.WebDriverException: java.io.IOException: The filename, directory name, or volume label syntax is incorrect
Build info: version: '4.13.0', revision: 'ba948ece5b*'
System info: os.name: 'Windows 11', os.arch: 'amd64', os.version: '10.0', java.version: '17.0.11'
Driver info: driver.version: unknown
	at org.openqa.selenium.chrome.ChromeDriverService$Builder.createDriverService(ChromeDriverService.java:320) ~[selenium-chrome-driver-4.13.0.jar:?]
	at org.openqa.selenium.chrome.ChromeDriverService$Builder.createDriverService(ChromeDriverService.java:141) ~[selenium-chrome-driver-4.13.0.jar:?]
	at org.openqa.selenium.remote.service.DriverService$Builder.build(DriverService.java:498) ~[selenium-remote-driver-4.13.0.jar:?]
	at com.googlecode.jmeter.plugins.webdriver.config.ChromeDriverConfig.getThreadService(ChromeDriverConfig.java:46) ~[jmeter-plugins-webdriver-4.13.0.2.jar:?]
	at com.googlecode.jmeter.plugins.webdriver.config.ChromeDriverConfig.createBrowser(ChromeDriverConfig.java:26) ~[jmeter-plugins-webdriver-4.13.0.2.jar:?]
	at com.googlecode.jmeter.plugins.webdriver.config.ChromeDriverConfig.createBrowser(ChromeDriverConfig.java:14) ~[jmeter-plugins-webdriver-4.13.0.2.jar:?]
	at com.googlecode.jmeter.plugins.webdriver.config.WebDriverConfig.getPreparedBrowser(WebDriverConfig.java:223) ~[jmeter-plugins-webdriver-4.13.0.2.jar:?]
	at com.googlecode.jmeter.plugins.webdriver.config.WebDriverConfig.threadStarted(WebDriverConfig.java:154) ~[jmeter-plugins-webdriver-4.13.0.2.jar:?]
	at org.apache.jmeter.threads.JMeterThread$ThreadListenerTraverser.addNode(JMeterThread.java:802) [ApacheJMeter_core.jar:5.6.3]
	at org.apache.jorphan.collections.HashTree.traverseInto(HashTree.java:1029) [jorphan.jar:5.6.3]
	at org.apache.jorphan.collections.HashTree.traverse(HashTree.java:1012) [jorphan.jar:5.6.3]
	at org.apache.jmeter.threads.JMeterThread.threadStarted(JMeterThread.java:770) [ApacheJMeter_core.jar:5.6.3]
	at org.apache.jmeter.threads.JMeterThread.initRun(JMeterThread.java:758) [ApacheJMeter_core.jar:5.6.3]
	at org.apache.jmeter.threads.JMeterThread.run(JMeterThread.java:264) [ApacheJMeter_core.jar:5.6.3]
	at java.base/java.lang.Thread.run(Thread.java:842) [?:?]
Caused by: java.io.IOException: The filename, directory name, or volume label syntax is incorrect
	at java.base/java.io.WinNTFileSystem.canonicalize0(Native Method) ~[?:?]
	at java.base/java.io.WinNTFileSystem.canonicalize(WinNTFileSystem.java:462) ~[?:?]
	at java.base/java.io.File.getCanonicalPath(File.java:626) ~[?:?]
	at org.openqa.selenium.remote.service.DriverService.<init>(DriverService.java:116) ~[selenium-remote-driver-4.13.0.jar:?]
	at org.openqa.selenium.chrome.ChromeDriverService.<init>(ChromeDriverService.java:107) ~[selenium-chrome-driver-4.13.0.jar:?]
	at org.openqa.selenium.chrome.ChromeDriverService$Builder.createDriverService(ChromeDriverService.java:318) ~[selenium-chrome-driver-4.13.0.jar:?]
	... 14 more
2024-11-12 16:44:01,864 ERROR o.a.j.t.JMeterThread: Error while processing sampler: 'jp@gc - WebDriver Sampler'.
java.lang.IllegalArgumentException: Browser has not been configured.  Please ensure at least 1 WebDriverConfig is created for a ThreadGroup.
	at com.googlecode.jmeter.plugins.webdriver.sampler.WebDriverSampler.sample(WebDriverSampler.java:69) ~[jmeter-plugins-webdriver-4.13.0.2.jar:?]
	at org.apache.jmeter.threads.JMeterThread.doSampling(JMeterThread.java:651) ~[ApacheJMeter_core.jar:5.6.3]
	at org.apache.jmeter.threads.JMeterThread.executeSamplePackage(JMeterThread.java:570) ~[ApacheJMeter_core.jar:5.6.3]
	at org.apache.jmeter.threads.JMeterThread.processSampler(JMeterThread.java:501) [ApacheJMeter_core.jar:5.6.3]
	at org.apache.jmeter.threads.JMeterThread.run(JMeterThread.java:268) [ApacheJMeter_core.jar:5.6.3]
	at java.base/java.lang.Thread.run(Thread.java:842) [?:?]
2024-11-12 16:44:01,864 INFO o.a.j.t.JMeterThread: Thread is done: Thread Group 1-1
2024-11-12 16:44:01,864 INFO o.a.j.t.JMeterThread: Thread finished: Thread Group 1-1
2024-11-12 16:44:01,864 INFO o.a.j.e.StandardJMeterEngine: Notifying test listeners of end of test
2024-11-12 16:44:01,864 INFO o.a.j.g.u.JMeterMenuBar: setRunning(false, *local*)
2024-11-12 16:44:10,563 INFO o.a.j.e.StandardJMeterEngine: Running the test!
2024-11-12 16:44:10,563 INFO o.a.j.s.SampleEvent: List of sample_variables: []
2024-11-12 16:44:10,563 INFO o.a.j.g.u.JMeterMenuBar: setRunning(true, *local*)
2024-11-12 16:44:10,626 INFO o.a.j.e.StandardJMeterEngine: Starting ThreadGroup: 1 : Thread Group
2024-11-12 16:44:10,626 INFO o.a.j.e.StandardJMeterEngine: Starting 1 threads for group Thread Group.
2024-11-12 16:44:10,626 INFO o.a.j.e.StandardJMeterEngine: Thread will continue on error
2024-11-12 16:44:10,626 INFO o.a.j.t.ThreadGroup: Starting thread group... number=1 threads=1 ramp-up=1 delayedStart=false
2024-11-12 16:44:10,626 INFO o.a.j.t.ThreadGroup: Started thread group number 1
2024-11-12 16:44:10,626 INFO o.a.j.e.StandardJMeterEngine: All thread groups have been started
2024-11-12 16:44:10,626 INFO o.a.j.t.JMeterThread: Thread started: Thread Group 1-1
2024-11-12 16:44:10,642 ERROR o.a.j.t.JMeterThread: Error calling threadStarted
org.openqa.selenium.WebDriverException: java.io.IOException: The filename, directory name, or volume label syntax is incorrect
Build info: version: '4.13.0', revision: 'ba948ece5b*'
System info: os.name: 'Windows 11', os.arch: 'amd64', os.version: '10.0', java.version: '17.0.11'
Driver info: driver.version: unknown
	at org.openqa.selenium.chrome.ChromeDriverService$Builder.createDriverService(ChromeDriverService.java:320) ~[selenium-chrome-driver-4.13.0.jar:?]
	at org.openqa.selenium.chrome.ChromeDriverService$Builder.createDriverService(ChromeDriverService.java:141) ~[selenium-chrome-driver-4.13.0.jar:?]
	at org.openqa.selenium.remote.service.DriverService$Builder.build(DriverService.java:498) ~[selenium-remote-driver-4.13.0.jar:?]
	at com.googlecode.jmeter.plugins.webdriver.config.ChromeDriverConfig.getThreadService(ChromeDriverConfig.java:46) ~[jmeter-plugins-webdriver-4.13.0.2.jar:?]
	at com.googlecode.jmeter.plugins.webdriver.config.ChromeDriverConfig.createBrowser(ChromeDriverConfig.java:26) ~[jmeter-plugins-webdriver-4.13.0.2.jar:?]
	at com.googlecode.jmeter.plugins.webdriver.config.ChromeDriverConfig.createBrowser(ChromeDriverConfig.java:14) ~[jmeter-plugins-webdriver-4.13.0.2.jar:?]
	at com.googlecode.jmeter.plugins.webdriver.config.WebDriverConfig.getPreparedBrowser(WebDriverConfig.java:223) ~[jmeter-plugins-webdriver-4.13.0.2.jar:?]
	at com.googlecode.jmeter.plugins.webdriver.config.WebDriverConfig.threadStarted(WebDriverConfig.java:154) ~[jmeter-plugins-webdriver-4.13.0.2.jar:?]
	at org.apache.jmeter.threads.JMeterThread$ThreadListenerTraverser.addNode(JMeterThread.java:802) [ApacheJMeter_core.jar:5.6.3]
	at org.apache.jorphan.collections.HashTree.traverseInto(HashTree.java:1029) [jorphan.jar:5.6.3]
	at org.apache.jorphan.collections.HashTree.traverse(HashTree.java:1012) [jorphan.jar:5.6.3]
	at org.apache.jmeter.threads.JMeterThread.threadStarted(JMeterThread.java:770) [ApacheJMeter_core.jar:5.6.3]
	at org.apache.jmeter.threads.JMeterThread.initRun(JMeterThread.java:758) [ApacheJMeter_core.jar:5.6.3]
	at org.apache.jmeter.threads.JMeterThread.run(JMeterThread.java:264) [ApacheJMeter_core.jar:5.6.3]
	at java.base/java.lang.Thread.run(Thread.java:842) [?:?]
Caused by: java.io.IOException: The filename, directory name, or volume label syntax is incorrect
	at java.base/java.io.WinNTFileSystem.canonicalize0(Native Method) ~[?:?]
	at java.base/java.io.WinNTFileSystem.canonicalize(WinNTFileSystem.java:462) ~[?:?]
	at java.base/java.io.File.getCanonicalPath(File.java:626) ~[?:?]
	at org.openqa.selenium.remote.service.DriverService.<init>(DriverService.java:116) ~[selenium-remote-driver-4.13.0.jar:?]
	at org.openqa.selenium.chrome.ChromeDriverService.<init>(ChromeDriverService.java:107) ~[selenium-chrome-driver-4.13.0.jar:?]
	at org.openqa.selenium.chrome.ChromeDriverService$Builder.createDriverService(ChromeDriverService.java:318) ~[selenium-chrome-driver-4.13.0.jar:?]
	... 14 more
2024-11-12 16:44:10,642 ERROR o.a.j.t.JMeterThread: Error while processing sampler: 'jp@gc - WebDriver Sampler'.
java.lang.IllegalArgumentException: Browser has not been configured.  Please ensure at least 1 WebDriverConfig is created for a ThreadGroup.
	at com.googlecode.jmeter.plugins.webdriver.sampler.WebDriverSampler.sample(WebDriverSampler.java:69) ~[jmeter-plugins-webdriver-4.13.0.2.jar:?]
	at org.apache.jmeter.threads.JMeterThread.doSampling(JMeterThread.java:651) ~[ApacheJMeter_core.jar:5.6.3]
	at org.apache.jmeter.threads.JMeterThread.executeSamplePackage(JMeterThread.java:570) ~[ApacheJMeter_core.jar:5.6.3]
	at org.apache.jmeter.threads.JMeterThread.processSampler(JMeterThread.java:501) [ApacheJMeter_core.jar:5.6.3]
	at org.apache.jmeter.threads.JMeterThread.run(JMeterThread.java:268) [ApacheJMeter_core.jar:5.6.3]
	at java.base/java.lang.Thread.run(Thread.java:842) [?:?]
2024-11-12 16:44:10,642 INFO o.a.j.t.JMeterThread: Thread is done: Thread Group 1-1
2024-11-12 16:44:10,642 INFO o.a.j.t.JMeterThread: Thread finished: Thread Group 1-1
2024-11-12 16:44:10,642 INFO o.a.j.e.StandardJMeterEngine: Notifying test listeners of end of test
2024-11-12 16:44:10,642 INFO o.a.j.g.u.JMeterMenuBar: setRunning(false, *local*)
2024-11-12 16:44:12,690 INFO o.a.j.e.StandardJMeterEngine: Running the test!
2024-11-12 16:44:12,690 INFO o.a.j.s.SampleEvent: List of sample_variables: []
2024-11-12 16:44:12,690 INFO o.a.j.g.u.JMeterMenuBar: setRunning(true, *local*)
2024-11-12 16:44:12,753 INFO o.a.j.e.StandardJMeterEngine: Starting ThreadGroup: 1 : Thread Group
2024-11-12 16:44:12,753 INFO o.a.j.e.StandardJMeterEngine: Starting 1 threads for group Thread Group.
2024-11-12 16:44:12,753 INFO o.a.j.e.StandardJMeterEngine: Thread will continue on error
2024-11-12 16:44:12,753 INFO o.a.j.t.ThreadGroup: Starting thread group... number=1 threads=1 ramp-up=1 delayedStart=false
2024-11-12 16:44:12,753 INFO o.a.j.t.ThreadGroup: Started thread group number 1
2024-11-12 16:44:12,753 INFO o.a.j.e.StandardJMeterEngine: All thread groups have been started
2024-11-12 16:44:12,753 INFO o.a.j.t.JMeterThread: Thread started: Thread Group 1-1
2024-11-12 16:44:12,753 ERROR o.a.j.t.JMeterThread: Error calling threadStarted
org.openqa.selenium.WebDriverException: java.io.IOException: The filename, directory name, or volume label syntax is incorrect
Build info: version: '4.13.0', revision: 'ba948ece5b*'
System info: os.name: 'Windows 11', os.arch: 'amd64', os.version: '10.0', java.version: '17.0.11'
Driver info: driver.version: unknown
	at org.openqa.selenium.chrome.ChromeDriverService$Builder.createDriverService(ChromeDriverService.java:320) ~[selenium-chrome-driver-4.13.0.jar:?]
	at org.openqa.selenium.chrome.ChromeDriverService$Builder.createDriverService(ChromeDriverService.java:141) ~[selenium-chrome-driver-4.13.0.jar:?]
	at org.openqa.selenium.remote.service.DriverService$Builder.build(DriverService.java:498) ~[selenium-remote-driver-4.13.0.jar:?]
	at com.googlecode.jmeter.plugins.webdriver.config.ChromeDriverConfig.getThreadService(ChromeDriverConfig.java:46) ~[jmeter-plugins-webdriver-4.13.0.2.jar:?]
	at com.googlecode.jmeter.plugins.webdriver.config.ChromeDriverConfig.createBrowser(ChromeDriverConfig.java:26) ~[jmeter-plugins-webdriver-4.13.0.2.jar:?]
	at com.googlecode.jmeter.plugins.webdriver.config.ChromeDriverConfig.createBrowser(ChromeDriverConfig.java:14) ~[jmeter-plugins-webdriver-4.13.0.2.jar:?]
	at com.googlecode.jmeter.plugins.webdriver.config.WebDriverConfig.getPreparedBrowser(WebDriverConfig.java:223) ~[jmeter-plugins-webdriver-4.13.0.2.jar:?]
	at com.googlecode.jmeter.plugins.webdriver.config.WebDriverConfig.threadStarted(WebDriverConfig.java:154) ~[jmeter-plugins-webdriver-4.13.0.2.jar:?]
	at org.apache.jmeter.threads.JMeterThread$ThreadListenerTraverser.addNode(JMeterThread.java:802) [ApacheJMeter_core.jar:5.6.3]
	at org.apache.jorphan.collections.HashTree.traverseInto(HashTree.java:1029) [jorphan.jar:5.6.3]
	at org.apache.jorphan.collections.HashTree.traverse(HashTree.java:1012) [jorphan.jar:5.6.3]
	at org.apache.jmeter.threads.JMeterThread.threadStarted(JMeterThread.java:770) [ApacheJMeter_core.jar:5.6.3]
	at org.apache.jmeter.threads.JMeterThread.initRun(JMeterThread.java:758) [ApacheJMeter_core.jar:5.6.3]
	at org.apache.jmeter.threads.JMeterThread.run(JMeterThread.java:264) [ApacheJMeter_core.jar:5.6.3]
	at java.base/java.lang.Thread.run(Thread.java:842) [?:?]
Caused by: java.io.IOException: The filename, directory name, or volume label syntax is incorrect
	at java.base/java.io.WinNTFileSystem.canonicalize0(Native Method) ~[?:?]
	at java.base/java.io.WinNTFileSystem.canonicalize(WinNTFileSystem.java:462) ~[?:?]
	at java.base/java.io.File.getCanonicalPath(File.java:626) ~[?:?]
	at org.openqa.selenium.remote.service.DriverService.<init>(DriverService.java:116) ~[selenium-remote-driver-4.13.0.jar:?]
	at org.openqa.selenium.chrome.ChromeDriverService.<init>(ChromeDriverService.java:107) ~[selenium-chrome-driver-4.13.0.jar:?]
	at org.openqa.selenium.chrome.ChromeDriverService$Builder.createDriverService(ChromeDriverService.java:318) ~[selenium-chrome-driver-4.13.0.jar:?]
	... 14 more
2024-11-12 16:44:12,753 ERROR o.a.j.t.JMeterThread: Error while processing sampler: 'jp@gc - WebDriver Sampler'.
java.lang.IllegalArgumentException: Browser has not been configured.  Please ensure at least 1 WebDriverConfig is created for a ThreadGroup.
	at com.googlecode.jmeter.plugins.webdriver.sampler.WebDriverSampler.sample(WebDriverSampler.java:69) ~[jmeter-plugins-webdriver-4.13.0.2.jar:?]
	at org.apache.jmeter.threads.JMeterThread.doSampling(JMeterThread.java:651) ~[ApacheJMeter_core.jar:5.6.3]
	at org.apache.jmeter.threads.JMeterThread.executeSamplePackage(JMeterThread.java:570) ~[ApacheJMeter_core.jar:5.6.3]
	at org.apache.jmeter.threads.JMeterThread.processSampler(JMeterThread.java:501) [ApacheJMeter_core.jar:5.6.3]
	at org.apache.jmeter.threads.JMeterThread.run(JMeterThread.java:268) [ApacheJMeter_core.jar:5.6.3]
	at java.base/java.lang.Thread.run(Thread.java:842) [?:?]
2024-11-12 16:44:12,753 INFO o.a.j.t.JMeterThread: Thread is done: Thread Group 1-1
2024-11-12 16:44:12,753 INFO o.a.j.t.JMeterThread: Thread finished: Thread Group 1-1
2024-11-12 16:44:12,753 INFO o.a.j.e.StandardJMeterEngine: Notifying test listeners of end of test
2024-11-12 16:44:12,768 INFO o.a.j.g.u.JMeterMenuBar: setRunning(false, *local*)
2024-11-12 16:44:23,825 INFO o.a.j.e.StandardJMeterEngine: Running the test!
2024-11-12 16:44:23,834 INFO o.a.j.s.SampleEvent: List of sample_variables: []
2024-11-12 16:44:23,835 INFO o.a.j.g.u.JMeterMenuBar: setRunning(true, *local*)
2024-11-12 16:44:23,888 INFO o.a.j.e.StandardJMeterEngine: Starting ThreadGroup: 1 : Thread Group
2024-11-12 16:44:23,888 INFO o.a.j.e.StandardJMeterEngine: Starting 1 threads for group Thread Group.
2024-11-12 16:44:23,888 INFO o.a.j.e.StandardJMeterEngine: Thread will continue on error
2024-11-12 16:44:23,888 INFO o.a.j.t.ThreadGroup: Starting thread group... number=1 threads=1 ramp-up=1 delayedStart=false
2024-11-12 16:44:23,888 INFO o.a.j.t.ThreadGroup: Started thread group number 1
2024-11-12 16:44:23,888 INFO o.a.j.e.StandardJMeterEngine: All thread groups have been started
2024-11-12 16:44:23,888 INFO o.a.j.t.JMeterThread: Thread started: Thread Group 1-1
2024-11-12 16:44:23,903 ERROR o.a.j.t.JMeterThread: Error calling threadStarted
org.openqa.selenium.WebDriverException: java.io.IOException: The filename, directory name, or volume label syntax is incorrect
Build info: version: '4.13.0', revision: 'ba948ece5b*'
System info: os.name: 'Windows 11', os.arch: 'amd64', os.version: '10.0', java.version: '17.0.11'
Driver info: driver.version: unknown
	at org.openqa.selenium.chrome.ChromeDriverService$Builder.createDriverService(ChromeDriverService.java:320) ~[selenium-chrome-driver-4.13.0.jar:?]
	at org.openqa.selenium.chrome.ChromeDriverService$Builder.createDriverService(ChromeDriverService.java:141) ~[selenium-chrome-driver-4.13.0.jar:?]
	at org.openqa.selenium.remote.service.DriverService$Builder.build(DriverService.java:498) ~[selenium-remote-driver-4.13.0.jar:?]
	at com.googlecode.jmeter.plugins.webdriver.config.ChromeDriverConfig.getThreadService(ChromeDriverConfig.java:46) ~[jmeter-plugins-webdriver-4.13.0.2.jar:?]
	at com.googlecode.jmeter.plugins.webdriver.config.ChromeDriverConfig.createBrowser(ChromeDriverConfig.java:26) ~[jmeter-plugins-webdriver-4.13.0.2.jar:?]
	at com.googlecode.jmeter.plugins.webdriver.config.ChromeDriverConfig.createBrowser(ChromeDriverConfig.java:14) ~[jmeter-plugins-webdriver-4.13.0.2.jar:?]
	at com.googlecode.jmeter.plugins.webdriver.config.WebDriverConfig.getPreparedBrowser(WebDriverConfig.java:223) ~[jmeter-plugins-webdriver-4.13.0.2.jar:?]
	at com.googlecode.jmeter.plugins.webdriver.config.WebDriverConfig.threadStarted(WebDriverConfig.java:154) ~[jmeter-plugins-webdriver-4.13.0.2.jar:?]
	at org.apache.jmeter.threads.JMeterThread$ThreadListenerTraverser.addNode(JMeterThread.java:802) [ApacheJMeter_core.jar:5.6.3]
	at org.apache.jorphan.collections.HashTree.traverseInto(HashTree.java:1029) [jorphan.jar:5.6.3]
	at org.apache.jorphan.collections.HashTree.traverse(HashTree.java:1012) [jorphan.jar:5.6.3]
	at org.apache.jmeter.threads.JMeterThread.threadStarted(JMeterThread.java:770) [ApacheJMeter_core.jar:5.6.3]
	at org.apache.jmeter.threads.JMeterThread.initRun(JMeterThread.java:758) [ApacheJMeter_core.jar:5.6.3]
	at org.apache.jmeter.threads.JMeterThread.run(JMeterThread.java:264) [ApacheJMeter_core.jar:5.6.3]
	at java.base/java.lang.Thread.run(Thread.java:842) [?:?]
Caused by: java.io.IOException: The filename, directory name, or volume label syntax is incorrect
	at java.base/java.io.WinNTFileSystem.canonicalize0(Native Method) ~[?:?]
	at java.base/java.io.WinNTFileSystem.canonicalize(WinNTFileSystem.java:462) ~[?:?]
	at java.base/java.io.File.getCanonicalPath(File.java:626) ~[?:?]
	at org.openqa.selenium.remote.service.DriverService.<init>(DriverService.java:116) ~[selenium-remote-driver-4.13.0.jar:?]
	at org.openqa.selenium.chrome.ChromeDriverService.<init>(ChromeDriverService.java:107) ~[selenium-chrome-driver-4.13.0.jar:?]
	at org.openqa.selenium.chrome.ChromeDriverService$Builder.createDriverService(ChromeDriverService.java:318) ~[selenium-chrome-driver-4.13.0.jar:?]
	... 14 more
2024-11-12 16:44:23,903 ERROR o.a.j.t.JMeterThread: Error while processing sampler: 'jp@gc - WebDriver Sampler'.
java.lang.IllegalArgumentException: Browser has not been configured.  Please ensure at least 1 WebDriverConfig is created for a ThreadGroup.
	at com.googlecode.jmeter.plugins.webdriver.sampler.WebDriverSampler.sample(WebDriverSampler.java:69) ~[jmeter-plugins-webdriver-4.13.0.2.jar:?]
	at org.apache.jmeter.threads.JMeterThread.doSampling(JMeterThread.java:651) ~[ApacheJMeter_core.jar:5.6.3]
	at org.apache.jmeter.threads.JMeterThread.executeSamplePackage(JMeterThread.java:570) ~[ApacheJMeter_core.jar:5.6.3]
	at org.apache.jmeter.threads.JMeterThread.processSampler(JMeterThread.java:501) [ApacheJMeter_core.jar:5.6.3]
	at org.apache.jmeter.threads.JMeterThread.run(JMeterThread.java:268) [ApacheJMeter_core.jar:5.6.3]
	at java.base/java.lang.Thread.run(Thread.java:842) [?:?]
2024-11-12 16:44:23,903 INFO o.a.j.t.JMeterThread: Thread is done: Thread Group 1-1
2024-11-12 16:44:23,903 INFO o.a.j.t.JMeterThread: Thread finished: Thread Group 1-1
2024-11-12 16:44:23,903 INFO o.a.j.e.StandardJMeterEngine: Notifying test listeners of end of test
2024-11-12 16:44:23,903 INFO o.a.j.g.u.JMeterMenuBar: setRunning(false, *local*)
2024-11-12 16:44:51,143 INFO o.a.j.e.StandardJMeterEngine: Running the test!
2024-11-12 16:44:51,159 INFO o.a.j.s.SampleEvent: List of sample_variables: []
2024-11-12 16:44:51,160 INFO o.a.j.g.u.JMeterMenuBar: setRunning(true, *local*)
2024-11-12 16:44:51,212 INFO o.a.j.e.StandardJMeterEngine: Starting ThreadGroup: 1 : Thread Group
2024-11-12 16:44:51,212 INFO o.a.j.e.StandardJMeterEngine: Starting 1 threads for group Thread Group.
2024-11-12 16:44:51,212 INFO o.a.j.e.StandardJMeterEngine: Thread will continue on error
2024-11-12 16:44:51,212 INFO o.a.j.t.ThreadGroup: Starting thread group... number=1 threads=1 ramp-up=1 delayedStart=false
2024-11-12 16:44:51,212 INFO o.a.j.t.ThreadGroup: Started thread group number 1
2024-11-12 16:44:51,212 INFO o.a.j.e.StandardJMeterEngine: All thread groups have been started
2024-11-12 16:44:51,212 INFO o.a.j.t.JMeterThread: Thread started: Thread Group 1-1
2024-11-12 16:44:51,222 ERROR o.a.j.t.JMeterThread: Error calling threadStarted
org.openqa.selenium.WebDriverException: java.io.IOException: The filename, directory name, or volume label syntax is incorrect
Build info: version: '4.13.0', revision: 'ba948ece5b*'
System info: os.name: 'Windows 11', os.arch: 'amd64', os.version: '10.0', java.version: '17.0.11'
Driver info: driver.version: unknown
	at org.openqa.selenium.chrome.ChromeDriverService$Builder.createDriverService(ChromeDriverService.java:320) ~[selenium-chrome-driver-4.13.0.jar:?]
	at org.openqa.selenium.chrome.ChromeDriverService$Builder.createDriverService(ChromeDriverService.java:141) ~[selenium-chrome-driver-4.13.0.jar:?]
	at org.openqa.selenium.remote.service.DriverService$Builder.build(DriverService.java:498) ~[selenium-remote-driver-4.13.0.jar:?]
	at com.googlecode.jmeter.plugins.webdriver.config.ChromeDriverConfig.getThreadService(ChromeDriverConfig.java:46) ~[jmeter-plugins-webdriver-4.13.0.2.jar:?]
	at com.googlecode.jmeter.plugins.webdriver.config.ChromeDriverConfig.createBrowser(ChromeDriverConfig.java:26) ~[jmeter-plugins-webdriver-4.13.0.2.jar:?]
	at com.googlecode.jmeter.plugins.webdriver.config.ChromeDriverConfig.createBrowser(ChromeDriverConfig.java:14) ~[jmeter-plugins-webdriver-4.13.0.2.jar:?]
	at com.googlecode.jmeter.plugins.webdriver.config.WebDriverConfig.getPreparedBrowser(WebDriverConfig.java:223) ~[jmeter-plugins-webdriver-4.13.0.2.jar:?]
	at com.googlecode.jmeter.plugins.webdriver.config.WebDriverConfig.threadStarted(WebDriverConfig.java:154) ~[jmeter-plugins-webdriver-4.13.0.2.jar:?]
	at org.apache.jmeter.threads.JMeterThread$ThreadListenerTraverser.addNode(JMeterThread.java:802) [ApacheJMeter_core.jar:5.6.3]
	at org.apache.jorphan.collections.HashTree.traverseInto(HashTree.java:1029) [jorphan.jar:5.6.3]
	at org.apache.jorphan.collections.HashTree.traverse(HashTree.java:1012) [jorphan.jar:5.6.3]
	at org.apache.jmeter.threads.JMeterThread.threadStarted(JMeterThread.java:770) [ApacheJMeter_core.jar:5.6.3]
	at org.apache.jmeter.threads.JMeterThread.initRun(JMeterThread.java:758) [ApacheJMeter_core.jar:5.6.3]
	at org.apache.jmeter.threads.JMeterThread.run(JMeterThread.java:264) [ApacheJMeter_core.jar:5.6.3]
	at java.base/java.lang.Thread.run(Thread.java:842) [?:?]
Caused by: java.io.IOException: The filename, directory name, or volume label syntax is incorrect
	at java.base/java.io.WinNTFileSystem.canonicalize0(Native Method) ~[?:?]
	at java.base/java.io.WinNTFileSystem.canonicalize(WinNTFileSystem.java:462) ~[?:?]
	at java.base/java.io.File.getCanonicalPath(File.java:626) ~[?:?]
	at org.openqa.selenium.remote.service.DriverService.<init>(DriverService.java:116) ~[selenium-remote-driver-4.13.0.jar:?]
	at org.openqa.selenium.chrome.ChromeDriverService.<init>(ChromeDriverService.java:107) ~[selenium-chrome-driver-4.13.0.jar:?]
	at org.openqa.selenium.chrome.ChromeDriverService$Builder.createDriverService(ChromeDriverService.java:318) ~[selenium-chrome-driver-4.13.0.jar:?]
	... 14 more
2024-11-12 16:44:51,222 ERROR o.a.j.t.JMeterThread: Error while processing sampler: 'jp@gc - WebDriver Sampler'.
java.lang.IllegalArgumentException: Browser has not been configured.  Please ensure at least 1 WebDriverConfig is created for a ThreadGroup.
	at com.googlecode.jmeter.plugins.webdriver.sampler.WebDriverSampler.sample(WebDriverSampler.java:69) ~[jmeter-plugins-webdriver-4.13.0.2.jar:?]
	at org.apache.jmeter.threads.JMeterThread.doSampling(JMeterThread.java:651) ~[ApacheJMeter_core.jar:5.6.3]
	at org.apache.jmeter.threads.JMeterThread.executeSamplePackage(JMeterThread.java:570) ~[ApacheJMeter_core.jar:5.6.3]
	at org.apache.jmeter.threads.JMeterThread.processSampler(JMeterThread.java:501) [ApacheJMeter_core.jar:5.6.3]
	at org.apache.jmeter.threads.JMeterThread.run(JMeterThread.java:268) [ApacheJMeter_core.jar:5.6.3]
	at java.base/java.lang.Thread.run(Thread.java:842) [?:?]
2024-11-12 16:44:51,222 INFO o.a.j.t.JMeterThread: Thread is done: Thread Group 1-1
2024-11-12 16:44:51,222 INFO o.a.j.t.JMeterThread: Thread finished: Thread Group 1-1
2024-11-12 16:44:51,222 INFO o.a.j.e.StandardJMeterEngine: Notifying test listeners of end of test
2024-11-12 16:44:51,222 INFO o.a.j.g.u.JMeterMenuBar: setRunning(false, *local*)
2024-11-12 16:44:57,185 INFO o.a.j.e.StandardJMeterEngine: Running the test!
2024-11-12 16:44:57,185 INFO o.a.j.s.SampleEvent: List of sample_variables: []
2024-11-12 16:44:57,185 INFO o.a.j.g.u.JMeterMenuBar: setRunning(true, *local*)
2024-11-12 16:44:57,233 INFO o.a.j.e.StandardJMeterEngine: Starting ThreadGroup: 1 : Thread Group
2024-11-12 16:44:57,233 INFO o.a.j.e.StandardJMeterEngine: Starting 1 threads for group Thread Group.
2024-11-12 16:44:57,233 INFO o.a.j.e.StandardJMeterEngine: Thread will continue on error
2024-11-12 16:44:57,233 INFO o.a.j.t.ThreadGroup: Starting thread group... number=1 threads=1 ramp-up=1 delayedStart=false
2024-11-12 16:44:57,233 INFO o.a.j.t.ThreadGroup: Started thread group number 1
2024-11-12 16:44:57,233 INFO o.a.j.e.StandardJMeterEngine: All thread groups have been started
2024-11-12 16:44:57,233 INFO o.a.j.t.JMeterThread: Thread started: Thread Group 1-1
2024-11-12 16:44:57,245 ERROR o.a.j.t.JMeterThread: Error calling threadStarted
org.openqa.selenium.WebDriverException: java.io.IOException: The filename, directory name, or volume label syntax is incorrect
Build info: version: '4.13.0', revision: 'ba948ece5b*'
System info: os.name: 'Windows 11', os.arch: 'amd64', os.version: '10.0', java.version: '17.0.11'
Driver info: driver.version: unknown
	at org.openqa.selenium.chrome.ChromeDriverService$Builder.createDriverService(ChromeDriverService.java:320) ~[selenium-chrome-driver-4.13.0.jar:?]
	at org.openqa.selenium.chrome.ChromeDriverService$Builder.createDriverService(ChromeDriverService.java:141) ~[selenium-chrome-driver-4.13.0.jar:?]
	at org.openqa.selenium.remote.service.DriverService$Builder.build(DriverService.java:498) ~[selenium-remote-driver-4.13.0.jar:?]
	at com.googlecode.jmeter.plugins.webdriver.config.ChromeDriverConfig.getThreadService(ChromeDriverConfig.java:46) ~[jmeter-plugins-webdriver-4.13.0.2.jar:?]
	at com.googlecode.jmeter.plugins.webdriver.config.ChromeDriverConfig.createBrowser(ChromeDriverConfig.java:26) ~[jmeter-plugins-webdriver-4.13.0.2.jar:?]
	at com.googlecode.jmeter.plugins.webdriver.config.ChromeDriverConfig.createBrowser(ChromeDriverConfig.java:14) ~[jmeter-plugins-webdriver-4.13.0.2.jar:?]
	at com.googlecode.jmeter.plugins.webdriver.config.WebDriverConfig.getPreparedBrowser(WebDriverConfig.java:223) ~[jmeter-plugins-webdriver-4.13.0.2.jar:?]
	at com.googlecode.jmeter.plugins.webdriver.config.WebDriverConfig.threadStarted(WebDriverConfig.java:154) ~[jmeter-plugins-webdriver-4.13.0.2.jar:?]
	at org.apache.jmeter.threads.JMeterThread$ThreadListenerTraverser.addNode(JMeterThread.java:802) [ApacheJMeter_core.jar:5.6.3]
	at org.apache.jorphan.collections.HashTree.traverseInto(HashTree.java:1029) [jorphan.jar:5.6.3]
	at org.apache.jorphan.collections.HashTree.traverse(HashTree.java:1012) [jorphan.jar:5.6.3]
	at org.apache.jmeter.threads.JMeterThread.threadStarted(JMeterThread.java:770) [ApacheJMeter_core.jar:5.6.3]
	at org.apache.jmeter.threads.JMeterThread.initRun(JMeterThread.java:758) [ApacheJMeter_core.jar:5.6.3]
	at org.apache.jmeter.threads.JMeterThread.run(JMeterThread.java:264) [ApacheJMeter_core.jar:5.6.3]
	at java.base/java.lang.Thread.run(Thread.java:842) [?:?]
Caused by: java.io.IOException: The filename, directory name, or volume label syntax is incorrect
	at java.base/java.io.WinNTFileSystem.canonicalize0(Native Method) ~[?:?]
	at java.base/java.io.WinNTFileSystem.canonicalize(WinNTFileSystem.java:462) ~[?:?]
	at java.base/java.io.File.getCanonicalPath(File.java:626) ~[?:?]
	at org.openqa.selenium.remote.service.DriverService.<init>(DriverService.java:116) ~[selenium-remote-driver-4.13.0.jar:?]
	at org.openqa.selenium.chrome.ChromeDriverService.<init>(ChromeDriverService.java:107) ~[selenium-chrome-driver-4.13.0.jar:?]
	at org.openqa.selenium.chrome.ChromeDriverService$Builder.createDriverService(ChromeDriverService.java:318) ~[selenium-chrome-driver-4.13.0.jar:?]
	... 14 more
2024-11-12 16:44:57,245 ERROR o.a.j.t.JMeterThread: Error while processing sampler: 'jp@gc - WebDriver Sampler'.
java.lang.IllegalArgumentException: Browser has not been configured.  Please ensure at least 1 WebDriverConfig is created for a ThreadGroup.
	at com.googlecode.jmeter.plugins.webdriver.sampler.WebDriverSampler.sample(WebDriverSampler.java:69) ~[jmeter-plugins-webdriver-4.13.0.2.jar:?]
	at org.apache.jmeter.threads.JMeterThread.doSampling(JMeterThread.java:651) ~[ApacheJMeter_core.jar:5.6.3]
	at org.apache.jmeter.threads.JMeterThread.executeSamplePackage(JMeterThread.java:570) ~[ApacheJMeter_core.jar:5.6.3]
	at org.apache.jmeter.threads.JMeterThread.processSampler(JMeterThread.java:501) [ApacheJMeter_core.jar:5.6.3]
	at org.apache.jmeter.threads.JMeterThread.run(JMeterThread.java:268) [ApacheJMeter_core.jar:5.6.3]
	at java.base/java.lang.Thread.run(Thread.java:842) [?:?]
2024-11-12 16:44:57,245 INFO o.a.j.t.JMeterThread: Thread is done: Thread Group 1-1
2024-11-12 16:44:57,245 INFO o.a.j.t.JMeterThread: Thread finished: Thread Group 1-1
2024-11-12 16:44:57,245 INFO o.a.j.e.StandardJMeterEngine: Notifying test listeners of end of test
2024-11-12 16:44:57,245 INFO o.a.j.g.u.JMeterMenuBar: setRunning(false, *local*)
2024-11-12 16:45:02,226 INFO o.a.j.e.StandardJMeterEngine: Running the test!
2024-11-12 16:45:02,226 INFO o.a.j.s.SampleEvent: List of sample_variables: []
2024-11-12 16:45:02,226 INFO o.a.j.g.u.JMeterMenuBar: setRunning(true, *local*)
2024-11-12 16:45:02,289 INFO o.a.j.e.StandardJMeterEngine: Starting ThreadGroup: 1 : Thread Group
2024-11-12 16:45:02,289 INFO o.a.j.e.StandardJMeterEngine: Starting 1 threads for group Thread Group.
2024-11-12 16:45:02,289 INFO o.a.j.e.StandardJMeterEngine: Thread will continue on error
2024-11-12 16:45:02,289 INFO o.a.j.t.ThreadGroup: Starting thread group... number=1 threads=1 ramp-up=1 delayedStart=false
2024-11-12 16:45:02,289 INFO o.a.j.t.ThreadGroup: Started thread group number 1
2024-11-12 16:45:02,289 INFO o.a.j.e.StandardJMeterEngine: All thread groups have been started
2024-11-12 16:45:02,289 INFO o.a.j.t.JMeterThread: Thread started: Thread Group 1-1
2024-11-12 16:45:02,289 ERROR o.a.j.t.JMeterThread: Error calling threadStarted
org.openqa.selenium.WebDriverException: java.io.IOException: The filename, directory name, or volume label syntax is incorrect
Build info: version: '4.13.0', revision: 'ba948ece5b*'
System info: os.name: 'Windows 11', os.arch: 'amd64', os.version: '10.0', java.version: '17.0.11'
Driver info: driver.version: unknown
	at org.openqa.selenium.chrome.ChromeDriverService$Builder.createDriverService(ChromeDriverService.java:320) ~[selenium-chrome-driver-4.13.0.jar:?]
	at org.openqa.selenium.chrome.ChromeDriverService$Builder.createDriverService(ChromeDriverService.java:141) ~[selenium-chrome-driver-4.13.0.jar:?]
	at org.openqa.selenium.remote.service.DriverService$Builder.build(DriverService.java:498) ~[selenium-remote-driver-4.13.0.jar:?]
	at com.googlecode.jmeter.plugins.webdriver.config.ChromeDriverConfig.getThreadService(ChromeDriverConfig.java:46) ~[jmeter-plugins-webdriver-4.13.0.2.jar:?]
	at com.googlecode.jmeter.plugins.webdriver.config.ChromeDriverConfig.createBrowser(ChromeDriverConfig.java:26) ~[jmeter-plugins-webdriver-4.13.0.2.jar:?]
	at com.googlecode.jmeter.plugins.webdriver.config.ChromeDriverConfig.createBrowser(ChromeDriverConfig.java:14) ~[jmeter-plugins-webdriver-4.13.0.2.jar:?]
	at com.googlecode.jmeter.plugins.webdriver.config.WebDriverConfig.getPreparedBrowser(WebDriverConfig.java:223) ~[jmeter-plugins-webdriver-4.13.0.2.jar:?]
	at com.googlecode.jmeter.plugins.webdriver.config.WebDriverConfig.threadStarted(WebDriverConfig.java:154) ~[jmeter-plugins-webdriver-4.13.0.2.jar:?]
	at org.apache.jmeter.threads.JMeterThread$ThreadListenerTraverser.addNode(JMeterThread.java:802) [ApacheJMeter_core.jar:5.6.3]
	at org.apache.jorphan.collections.HashTree.traverseInto(HashTree.java:1029) [jorphan.jar:5.6.3]
	at org.apache.jorphan.collections.HashTree.traverse(HashTree.java:1012) [jorphan.jar:5.6.3]
	at org.apache.jmeter.threads.JMeterThread.threadStarted(JMeterThread.java:770) [ApacheJMeter_core.jar:5.6.3]
	at org.apache.jmeter.threads.JMeterThread.initRun(JMeterThread.java:758) [ApacheJMeter_core.jar:5.6.3]
	at org.apache.jmeter.threads.JMeterThread.run(JMeterThread.java:264) [ApacheJMeter_core.jar:5.6.3]
	at java.base/java.lang.Thread.run(Thread.java:842) [?:?]
Caused by: java.io.IOException: The filename, directory name, or volume label syntax is incorrect
	at java.base/java.io.WinNTFileSystem.canonicalize0(Native Method) ~[?:?]
	at java.base/java.io.WinNTFileSystem.canonicalize(WinNTFileSystem.java:462) ~[?:?]
	at java.base/java.io.File.getCanonicalPath(File.java:626) ~[?:?]
	at org.openqa.selenium.remote.service.DriverService.<init>(DriverService.java:116) ~[selenium-remote-driver-4.13.0.jar:?]
	at org.openqa.selenium.chrome.ChromeDriverService.<init>(ChromeDriverService.java:107) ~[selenium-chrome-driver-4.13.0.jar:?]
	at org.openqa.selenium.chrome.ChromeDriverService$Builder.createDriverService(ChromeDriverService.java:318) ~[selenium-chrome-driver-4.13.0.jar:?]
	... 14 more
2024-11-12 16:45:02,289 ERROR o.a.j.t.JMeterThread: Error while processing sampler: 'jp@gc - WebDriver Sampler'.
java.lang.IllegalArgumentException: Browser has not been configured.  Please ensure at least 1 WebDriverConfig is created for a ThreadGroup.
	at com.googlecode.jmeter.plugins.webdriver.sampler.WebDriverSampler.sample(WebDriverSampler.java:69) ~[jmeter-plugins-webdriver-4.13.0.2.jar:?]
	at org.apache.jmeter.threads.JMeterThread.doSampling(JMeterThread.java:651) ~[ApacheJMeter_core.jar:5.6.3]
	at org.apache.jmeter.threads.JMeterThread.executeSamplePackage(JMeterThread.java:570) ~[ApacheJMeter_core.jar:5.6.3]
	at org.apache.jmeter.threads.JMeterThread.processSampler(JMeterThread.java:501) [ApacheJMeter_core.jar:5.6.3]
	at org.apache.jmeter.threads.JMeterThread.run(JMeterThread.java:268) [ApacheJMeter_core.jar:5.6.3]
	at java.base/java.lang.Thread.run(Thread.java:842) [?:?]
2024-11-12 16:45:02,289 INFO o.a.j.t.JMeterThread: Thread is done: Thread Group 1-1
2024-11-12 16:45:02,289 INFO o.a.j.t.JMeterThread: Thread finished: Thread Group 1-1
2024-11-12 16:45:02,289 INFO o.a.j.e.StandardJMeterEngine: Notifying test listeners of end of test
2024-11-12 16:45:02,289 INFO o.a.j.g.u.JMeterMenuBar: setRunning(false, *local*)
2024-11-12 16:45:10,357 INFO o.a.j.e.StandardJMeterEngine: Running the test!
2024-11-12 16:45:10,357 INFO o.a.j.s.SampleEvent: List of sample_variables: []
2024-11-12 16:45:10,357 INFO o.a.j.g.u.JMeterMenuBar: setRunning(true, *local*)
2024-11-12 16:45:10,420 INFO o.a.j.e.StandardJMeterEngine: Starting ThreadGroup: 1 : Thread Group
2024-11-12 16:45:10,420 INFO o.a.j.e.StandardJMeterEngine: Starting 1 threads for group Thread Group.
2024-11-12 16:45:10,420 INFO o.a.j.e.StandardJMeterEngine: Thread will continue on error
2024-11-12 16:45:10,420 INFO o.a.j.t.ThreadGroup: Starting thread group... number=1 threads=1 ramp-up=1 delayedStart=false
2024-11-12 16:45:10,420 INFO o.a.j.t.ThreadGroup: Started thread group number 1
2024-11-12 16:45:10,420 INFO o.a.j.e.StandardJMeterEngine: All thread groups have been started
2024-11-12 16:45:10,420 INFO o.a.j.t.JMeterThread: Thread started: Thread Group 1-1
2024-11-12 16:45:10,420 ERROR o.a.j.t.JMeterThread: Error calling threadStarted
org.openqa.selenium.WebDriverException: java.io.IOException: The filename, directory name, or volume label syntax is incorrect
Build info: version: '4.13.0', revision: 'ba948ece5b*'
System info: os.name: 'Windows 11', os.arch: 'amd64', os.version: '10.0', java.version: '17.0.11'
Driver info: driver.version: unknown
	at org.openqa.selenium.chrome.ChromeDriverService$Builder.createDriverService(ChromeDriverService.java:320) ~[selenium-chrome-driver-4.13.0.jar:?]
	at org.openqa.selenium.chrome.ChromeDriverService$Builder.createDriverService(ChromeDriverService.java:141) ~[selenium-chrome-driver-4.13.0.jar:?]
	at org.openqa.selenium.remote.service.DriverService$Builder.build(DriverService.java:498) ~[selenium-remote-driver-4.13.0.jar:?]
	at com.googlecode.jmeter.plugins.webdriver.config.ChromeDriverConfig.getThreadService(ChromeDriverConfig.java:46) ~[jmeter-plugins-webdriver-4.13.0.2.jar:?]
	at com.googlecode.jmeter.plugins.webdriver.config.ChromeDriverConfig.createBrowser(ChromeDriverConfig.java:26) ~[jmeter-plugins-webdriver-4.13.0.2.jar:?]
	at com.googlecode.jmeter.plugins.webdriver.config.ChromeDriverConfig.createBrowser(ChromeDriverConfig.java:14) ~[jmeter-plugins-webdriver-4.13.0.2.jar:?]
	at com.googlecode.jmeter.plugins.webdriver.config.WebDriverConfig.getPreparedBrowser(WebDriverConfig.java:223) ~[jmeter-plugins-webdriver-4.13.0.2.jar:?]
	at com.googlecode.jmeter.plugins.webdriver.config.WebDriverConfig.threadStarted(WebDriverConfig.java:154) ~[jmeter-plugins-webdriver-4.13.0.2.jar:?]
	at org.apache.jmeter.threads.JMeterThread$ThreadListenerTraverser.addNode(JMeterThread.java:802) [ApacheJMeter_core.jar:5.6.3]
	at org.apache.jorphan.collections.HashTree.traverseInto(HashTree.java:1029) [jorphan.jar:5.6.3]
	at org.apache.jorphan.collections.HashTree.traverse(HashTree.java:1012) [jorphan.jar:5.6.3]
	at org.apache.jmeter.threads.JMeterThread.threadStarted(JMeterThread.java:770) [ApacheJMeter_core.jar:5.6.3]
	at org.apache.jmeter.threads.JMeterThread.initRun(JMeterThread.java:758) [ApacheJMeter_core.jar:5.6.3]
	at org.apache.jmeter.threads.JMeterThread.run(JMeterThread.java:264) [ApacheJMeter_core.jar:5.6.3]
	at java.base/java.lang.Thread.run(Thread.java:842) [?:?]
Caused by: java.io.IOException: The filename, directory name, or volume label syntax is incorrect
	at java.base/java.io.WinNTFileSystem.canonicalize0(Native Method) ~[?:?]
	at java.base/java.io.WinNTFileSystem.canonicalize(WinNTFileSystem.java:462) ~[?:?]
	at java.base/java.io.File.getCanonicalPath(File.java:626) ~[?:?]
	at org.openqa.selenium.remote.service.DriverService.<init>(DriverService.java:116) ~[selenium-remote-driver-4.13.0.jar:?]
	at org.openqa.selenium.chrome.ChromeDriverService.<init>(ChromeDriverService.java:107) ~[selenium-chrome-driver-4.13.0.jar:?]
	at org.openqa.selenium.chrome.ChromeDriverService$Builder.createDriverService(ChromeDriverService.java:318) ~[selenium-chrome-driver-4.13.0.jar:?]
	... 14 more
2024-11-12 16:45:10,420 ERROR o.a.j.t.JMeterThread: Error while processing sampler: 'jp@gc - WebDriver Sampler'.
java.lang.IllegalArgumentException: Browser has not been configured.  Please ensure at least 1 WebDriverConfig is created for a ThreadGroup.
	at com.googlecode.jmeter.plugins.webdriver.sampler.WebDriverSampler.sample(WebDriverSampler.java:69) ~[jmeter-plugins-webdriver-4.13.0.2.jar:?]
	at org.apache.jmeter.threads.JMeterThread.doSampling(JMeterThread.java:651) ~[ApacheJMeter_core.jar:5.6.3]
	at org.apache.jmeter.threads.JMeterThread.executeSamplePackage(JMeterThread.java:570) ~[ApacheJMeter_core.jar:5.6.3]
	at org.apache.jmeter.threads.JMeterThread.processSampler(JMeterThread.java:501) [ApacheJMeter_core.jar:5.6.3]
	at org.apache.jmeter.threads.JMeterThread.run(JMeterThread.java:268) [ApacheJMeter_core.jar:5.6.3]
	at java.base/java.lang.Thread.run(Thread.java:842) [?:?]
2024-11-12 16:45:10,420 INFO o.a.j.t.JMeterThread: Thread is done: Thread Group 1-1
2024-11-12 16:45:10,420 INFO o.a.j.t.JMeterThread: Thread finished: Thread Group 1-1
2024-11-12 16:45:10,420 INFO o.a.j.e.StandardJMeterEngine: Notifying test listeners of end of test
2024-11-12 16:45:10,420 INFO o.a.j.g.u.JMeterMenuBar: setRunning(false, *local*)
2024-11-12 16:45:22,057 INFO o.a.j.e.StandardJMeterEngine: Running the test!
2024-11-12 16:45:22,057 INFO o.a.j.s.SampleEvent: List of sample_variables: []
2024-11-12 16:45:22,057 INFO o.a.j.g.u.JMeterMenuBar: setRunning(true, *local*)
2024-11-12 16:45:22,120 INFO o.a.j.e.StandardJMeterEngine: Starting ThreadGroup: 1 : Thread Group
2024-11-12 16:45:22,120 INFO o.a.j.e.StandardJMeterEngine: Starting 1 threads for group Thread Group.
2024-11-12 16:45:22,120 INFO o.a.j.e.StandardJMeterEngine: Thread will continue on error
2024-11-12 16:45:22,120 INFO o.a.j.t.ThreadGroup: Starting thread group... number=1 threads=1 ramp-up=1 delayedStart=false
2024-11-12 16:45:22,120 INFO o.a.j.t.ThreadGroup: Started thread group number 1
2024-11-12 16:45:22,120 INFO o.a.j.e.StandardJMeterEngine: All thread groups have been started
2024-11-12 16:45:22,120 INFO o.a.j.t.JMeterThread: Thread started: Thread Group 1-1
2024-11-12 16:45:22,120 ERROR o.a.j.t.JMeterThread: Error calling threadStarted
org.openqa.selenium.WebDriverException: java.io.IOException: The filename, directory name, or volume label syntax is incorrect
Build info: version: '4.13.0', revision: 'ba948ece5b*'
System info: os.name: 'Windows 11', os.arch: 'amd64', os.version: '10.0', java.version: '17.0.11'
Driver info: driver.version: unknown
	at org.openqa.selenium.chrome.ChromeDriverService$Builder.createDriverService(ChromeDriverService.java:320) ~[selenium-chrome-driver-4.13.0.jar:?]
	at org.openqa.selenium.chrome.ChromeDriverService$Builder.createDriverService(ChromeDriverService.java:141) ~[selenium-chrome-driver-4.13.0.jar:?]
	at org.openqa.selenium.remote.service.DriverService$Builder.build(DriverService.java:498) ~[selenium-remote-driver-4.13.0.jar:?]
	at com.googlecode.jmeter.plugins.webdriver.config.ChromeDriverConfig.getThreadService(ChromeDriverConfig.java:46) ~[jmeter-plugins-webdriver-4.13.0.2.jar:?]
	at com.googlecode.jmeter.plugins.webdriver.config.ChromeDriverConfig.createBrowser(ChromeDriverConfig.java:26) ~[jmeter-plugins-webdriver-4.13.0.2.jar:?]
	at com.googlecode.jmeter.plugins.webdriver.config.ChromeDriverConfig.createBrowser(ChromeDriverConfig.java:14) ~[jmeter-plugins-webdriver-4.13.0.2.jar:?]
	at com.googlecode.jmeter.plugins.webdriver.config.WebDriverConfig.getPreparedBrowser(WebDriverConfig.java:223) ~[jmeter-plugins-webdriver-4.13.0.2.jar:?]
	at com.googlecode.jmeter.plugins.webdriver.config.WebDriverConfig.threadStarted(WebDriverConfig.java:154) ~[jmeter-plugins-webdriver-4.13.0.2.jar:?]
	at org.apache.jmeter.threads.JMeterThread$ThreadListenerTraverser.addNode(JMeterThread.java:802) [ApacheJMeter_core.jar:5.6.3]
	at org.apache.jorphan.collections.HashTree.traverseInto(HashTree.java:1029) [jorphan.jar:5.6.3]
	at org.apache.jorphan.collections.HashTree.traverse(HashTree.java:1012) [jorphan.jar:5.6.3]
	at org.apache.jmeter.threads.JMeterThread.threadStarted(JMeterThread.java:770) [ApacheJMeter_core.jar:5.6.3]
	at org.apache.jmeter.threads.JMeterThread.initRun(JMeterThread.java:758) [ApacheJMeter_core.jar:5.6.3]
	at org.apache.jmeter.threads.JMeterThread.run(JMeterThread.java:264) [ApacheJMeter_core.jar:5.6.3]
	at java.base/java.lang.Thread.run(Thread.java:842) [?:?]
Caused by: java.io.IOException: The filename, directory name, or volume label syntax is incorrect
	at java.base/java.io.WinNTFileSystem.canonicalize0(Native Method) ~[?:?]
	at java.base/java.io.WinNTFileSystem.canonicalize(WinNTFileSystem.java:462) ~[?:?]
	at java.base/java.io.File.getCanonicalPath(File.java:626) ~[?:?]
	at org.openqa.selenium.remote.service.DriverService.<init>(DriverService.java:116) ~[selenium-remote-driver-4.13.0.jar:?]
	at org.openqa.selenium.chrome.ChromeDriverService.<init>(ChromeDriverService.java:107) ~[selenium-chrome-driver-4.13.0.jar:?]
	at org.openqa.selenium.chrome.ChromeDriverService$Builder.createDriverService(ChromeDriverService.java:318) ~[selenium-chrome-driver-4.13.0.jar:?]
	... 14 more
2024-11-12 16:45:22,136 ERROR o.a.j.t.JMeterThread: Error while processing sampler: 'jp@gc - WebDriver Sampler'.
java.lang.IllegalArgumentException: Browser has not been configured.  Please ensure at least 1 WebDriverConfig is created for a ThreadGroup.
	at com.googlecode.jmeter.plugins.webdriver.sampler.WebDriverSampler.sample(WebDriverSampler.java:69) ~[jmeter-plugins-webdriver-4.13.0.2.jar:?]
	at org.apache.jmeter.threads.JMeterThread.doSampling(JMeterThread.java:651) ~[ApacheJMeter_core.jar:5.6.3]
	at org.apache.jmeter.threads.JMeterThread.executeSamplePackage(JMeterThread.java:570) ~[ApacheJMeter_core.jar:5.6.3]
	at org.apache.jmeter.threads.JMeterThread.processSampler(JMeterThread.java:501) [ApacheJMeter_core.jar:5.6.3]
	at org.apache.jmeter.threads.JMeterThread.run(JMeterThread.java:268) [ApacheJMeter_core.jar:5.6.3]
	at java.base/java.lang.Thread.run(Thread.java:842) [?:?]
2024-11-12 16:45:22,136 INFO o.a.j.t.JMeterThread: Thread is done: Thread Group 1-1
2024-11-12 16:45:22,136 INFO o.a.j.t.JMeterThread: Thread finished: Thread Group 1-1
2024-11-12 16:45:22,136 INFO o.a.j.e.StandardJMeterEngine: Notifying test listeners of end of test
2024-11-12 16:45:22,136 INFO o.a.j.g.u.JMeterMenuBar: setRunning(false, *local*)
2024-11-12 16:45:48,751 INFO o.a.j.e.StandardJMeterEngine: Running the test!
2024-11-12 16:45:48,751 INFO o.a.j.s.SampleEvent: List of sample_variables: []
2024-11-12 16:45:48,751 INFO o.a.j.g.u.JMeterMenuBar: setRunning(true, *local*)
2024-11-12 16:45:48,814 INFO o.a.j.e.StandardJMeterEngine: Starting ThreadGroup: 1 : Thread Group
2024-11-12 16:45:48,814 INFO o.a.j.e.StandardJMeterEngine: Starting 1 threads for group Thread Group.
2024-11-12 16:45:48,814 INFO o.a.j.e.StandardJMeterEngine: Thread will continue on error
2024-11-12 16:45:48,814 INFO o.a.j.t.ThreadGroup: Starting thread group... number=1 threads=1 ramp-up=1 delayedStart=false
2024-11-12 16:45:48,814 INFO o.a.j.t.ThreadGroup: Started thread group number 1
2024-11-12 16:45:48,814 INFO o.a.j.e.StandardJMeterEngine: All thread groups have been started
2024-11-12 16:45:48,814 INFO o.a.j.t.JMeterThread: Thread started: Thread Group 1-1
2024-11-12 16:45:48,814 ERROR o.a.j.t.JMeterThread: Error calling threadStarted
org.openqa.selenium.WebDriverException: java.io.IOException: The filename, directory name, or volume label syntax is incorrect
Build info: version: '4.13.0', revision: 'ba948ece5b*'
System info: os.name: 'Windows 11', os.arch: 'amd64', os.version: '10.0', java.version: '17.0.11'
Driver info: driver.version: unknown
	at org.openqa.selenium.chrome.ChromeDriverService$Builder.createDriverService(ChromeDriverService.java:320) ~[selenium-chrome-driver-4.13.0.jar:?]
	at org.openqa.selenium.chrome.ChromeDriverService$Builder.createDriverService(ChromeDriverService.java:141) ~[selenium-chrome-driver-4.13.0.jar:?]
	at org.openqa.selenium.remote.service.DriverService$Builder.build(DriverService.java:498) ~[selenium-remote-driver-4.13.0.jar:?]
	at com.googlecode.jmeter.plugins.webdriver.config.ChromeDriverConfig.getThreadService(ChromeDriverConfig.java:46) ~[jmeter-plugins-webdriver-4.13.0.2.jar:?]
	at com.googlecode.jmeter.plugins.webdriver.config.ChromeDriverConfig.createBrowser(ChromeDriverConfig.java:26) ~[jmeter-plugins-webdriver-4.13.0.2.jar:?]
	at com.googlecode.jmeter.plugins.webdriver.config.ChromeDriverConfig.createBrowser(ChromeDriverConfig.java:14) ~[jmeter-plugins-webdriver-4.13.0.2.jar:?]
	at com.googlecode.jmeter.plugins.webdriver.config.WebDriverConfig.getPreparedBrowser(WebDriverConfig.java:223) ~[jmeter-plugins-webdriver-4.13.0.2.jar:?]
	at com.googlecode.jmeter.plugins.webdriver.config.WebDriverConfig.threadStarted(WebDriverConfig.java:154) ~[jmeter-plugins-webdriver-4.13.0.2.jar:?]
	at org.apache.jmeter.threads.JMeterThread$ThreadListenerTraverser.addNode(JMeterThread.java:802) [ApacheJMeter_core.jar:5.6.3]
	at org.apache.jorphan.collections.HashTree.traverseInto(HashTree.java:1029) [jorphan.jar:5.6.3]
	at org.apache.jorphan.collections.HashTree.traverse(HashTree.java:1012) [jorphan.jar:5.6.3]
	at org.apache.jmeter.threads.JMeterThread.threadStarted(JMeterThread.java:770) [ApacheJMeter_core.jar:5.6.3]
	at org.apache.jmeter.threads.JMeterThread.initRun(JMeterThread.java:758) [ApacheJMeter_core.jar:5.6.3]
	at org.apache.jmeter.threads.JMeterThread.run(JMeterThread.java:264) [ApacheJMeter_core.jar:5.6.3]
	at java.base/java.lang.Thread.run(Thread.java:842) [?:?]
Caused by: java.io.IOException: The filename, directory name, or volume label syntax is incorrect
	at java.base/java.io.WinNTFileSystem.canonicalize0(Native Method) ~[?:?]
	at java.base/java.io.WinNTFileSystem.canonicalize(WinNTFileSystem.java:462) ~[?:?]
	at java.base/java.io.File.getCanonicalPath(File.java:626) ~[?:?]
	at org.openqa.selenium.remote.service.DriverService.<init>(DriverService.java:116) ~[selenium-remote-driver-4.13.0.jar:?]
	at org.openqa.selenium.chrome.ChromeDriverService.<init>(ChromeDriverService.java:107) ~[selenium-chrome-driver-4.13.0.jar:?]
	at org.openqa.selenium.chrome.ChromeDriverService$Builder.createDriverService(ChromeDriverService.java:318) ~[selenium-chrome-driver-4.13.0.jar:?]
	... 14 more
2024-11-12 16:45:48,814 ERROR o.a.j.t.JMeterThread: Error while processing sampler: 'jp@gc - WebDriver Sampler'.
java.lang.IllegalArgumentException: Browser has not been configured.  Please ensure at least 1 WebDriverConfig is created for a ThreadGroup.
	at com.googlecode.jmeter.plugins.webdriver.sampler.WebDriverSampler.sample(WebDriverSampler.java:69) ~[jmeter-plugins-webdriver-4.13.0.2.jar:?]
	at org.apache.jmeter.threads.JMeterThread.doSampling(JMeterThread.java:651) ~[ApacheJMeter_core.jar:5.6.3]
	at org.apache.jmeter.threads.JMeterThread.executeSamplePackage(JMeterThread.java:570) ~[ApacheJMeter_core.jar:5.6.3]
	at org.apache.jmeter.threads.JMeterThread.processSampler(JMeterThread.java:501) [ApacheJMeter_core.jar:5.6.3]
	at org.apache.jmeter.threads.JMeterThread.run(JMeterThread.java:268) [ApacheJMeter_core.jar:5.6.3]
	at java.base/java.lang.Thread.run(Thread.java:842) [?:?]
2024-11-12 16:45:48,814 INFO o.a.j.t.JMeterThread: Thread is done: Thread Group 1-1
2024-11-12 16:45:48,814 INFO o.a.j.t.JMeterThread: Thread finished: Thread Group 1-1
2024-11-12 16:45:48,814 INFO o.a.j.e.StandardJMeterEngine: Notifying test listeners of end of test
2024-11-12 16:45:48,814 INFO o.a.j.g.u.JMeterMenuBar: setRunning(false, *local*)
2024-11-12 16:46:22,060 INFO o.a.j.e.StandardJMeterEngine: Running the test!
2024-11-12 16:46:22,076 INFO o.a.j.s.SampleEvent: List of sample_variables: []
2024-11-12 16:46:22,076 INFO o.a.j.g.u.JMeterMenuBar: setRunning(true, *local*)
2024-11-12 16:46:22,131 INFO o.a.j.e.StandardJMeterEngine: Starting ThreadGroup: 1 : Thread Group
2024-11-12 16:46:22,131 INFO o.a.j.e.StandardJMeterEngine: Starting 1 threads for group Thread Group.
2024-11-12 16:46:22,131 INFO o.a.j.e.StandardJMeterEngine: Thread will continue on error
2024-11-12 16:46:22,131 INFO o.a.j.t.ThreadGroup: Starting thread group... number=1 threads=1 ramp-up=1 delayedStart=false
2024-11-12 16:46:22,146 INFO o.a.j.t.ThreadGroup: Started thread group number 1
2024-11-12 16:46:22,146 INFO o.a.j.e.StandardJMeterEngine: All thread groups have been started
2024-11-12 16:46:22,146 INFO o.a.j.t.JMeterThread: Thread started: Thread Group 1-1
2024-11-12 16:46:29,810 ERROR o.a.j.s.SampleResult: sampleStart called twice
java.lang.Throwable: Invalid call sequence
	at org.apache.jmeter.samplers.SampleResult.sampleStart(SampleResult.java:1186) [ApacheJMeter_core.jar:5.6.3]
	at org.apache.jmeter.samplers.SampleResult$sampleStart.call(Unknown Source) [ApacheJMeter_core.jar:?]
	at org.codehaus.groovy.runtime.callsite.CallSiteArray.defaultCall(CallSiteArray.java:47) [groovy-3.0.20.jar:3.0.20]
	at org.codehaus.groovy.runtime.callsite.AbstractCallSite.call(AbstractCallSite.java:125) [groovy-3.0.20.jar:3.0.20]
	at org.codehaus.groovy.runtime.callsite.AbstractCallSite.call(AbstractCallSite.java:130) [groovy-3.0.20.jar:3.0.20]
	at Script1.run(Script1.groovy:1) [script:?]
	at org.codehaus.groovy.jsr223.GroovyScriptEngineImpl.eval(GroovyScriptEngineImpl.java:317) [groovy-jsr223-3.0.20.jar:3.0.20]
	at org.codehaus.groovy.jsr223.GroovyScriptEngineImpl.eval(GroovyScriptEngineImpl.java:155) [groovy-jsr223-3.0.20.jar:3.0.20]
	at java.scripting/javax.script.AbstractScriptEngine.eval(AbstractScriptEngine.java:262) [java.scripting:?]
	at com.googlecode.jmeter.plugins.webdriver.sampler.WebDriverSampler.sample(WebDriverSampler.java:90) [jmeter-plugins-webdriver-4.13.0.2.jar:?]
	at org.apache.jmeter.threads.JMeterThread.doSampling(JMeterThread.java:651) [ApacheJMeter_core.jar:5.6.3]
	at org.apache.jmeter.threads.JMeterThread.executeSamplePackage(JMeterThread.java:570) [ApacheJMeter_core.jar:5.6.3]
	at org.apache.jmeter.threads.JMeterThread.processSampler(JMeterThread.java:501) [ApacheJMeter_core.jar:5.6.3]
	at org.apache.jmeter.threads.JMeterThread.run(JMeterThread.java:268) [ApacheJMeter_core.jar:5.6.3]
	at java.base/java.lang.Thread.run(Thread.java:842) [?:?]
2024-11-12 16:46:37,690 ERROR o.a.j.s.SampleResult: sampleEnd called twice
java.lang.Throwable: Invalid call sequence
	at org.apache.jmeter.samplers.SampleResult.sampleEnd(SampleResult.java:1198) [ApacheJMeter_core.jar:5.6.3]
	at com.googlecode.jmeter.plugins.webdriver.sampler.WebDriverSampler.sample(WebDriverSampler.java:108) [jmeter-plugins-webdriver-4.13.0.2.jar:?]
	at org.apache.jmeter.threads.JMeterThread.doSampling(JMeterThread.java:651) [ApacheJMeter_core.jar:5.6.3]
	at org.apache.jmeter.threads.JMeterThread.executeSamplePackage(JMeterThread.java:570) [ApacheJMeter_core.jar:5.6.3]
	at org.apache.jmeter.threads.JMeterThread.processSampler(JMeterThread.java:501) [ApacheJMeter_core.jar:5.6.3]
	at org.apache.jmeter.threads.JMeterThread.run(JMeterThread.java:268) [ApacheJMeter_core.jar:5.6.3]
	at java.base/java.lang.Thread.run(Thread.java:842) [?:?]
2024-11-12 16:46:37,690 INFO o.a.j.t.JMeterThread: Thread is done: Thread Group 1-1
2024-11-12 16:46:37,690 INFO o.a.j.t.JMeterThread: Thread finished: Thread Group 1-1
2024-11-12 16:46:39,008 INFO o.a.j.e.StandardJMeterEngine: Notifying test listeners of end of test
2024-11-12 16:46:39,010 INFO o.a.j.g.u.JMeterMenuBar: setRunning(false, *local*)
